2024-11-14 18:00:24,724 - axon_reconstructor - DEBUG - setup_logger - This is a debug message
2024-11-14 18:00:24,725 - axon_reconstructor - ERROR - setup_logger - This is an error message
2024-11-14 18:00:24,725 - axon_reconstructor - CRITICAL - setup_logger - This is a critical message
2024-11-14 18:00:24,725 - axon_reconstructor - DEBUG - __init__ - AxonReconstructor initialized with parameters: {'project_name': None, 'log_file': 'axon_reconstruction.log', 'error_log_file': 'axon_reconstruction_error.log', 'logger_level': 'DEBUG', 'logger': <Logger axon_reconstructor (DEBUG)>, 'h5_parent_dirs': ['/pscratch/sd/a/adammwea/RBS_synology_rsync/B6J_DensityTest_10012024_AR/B6J_DensityTest_10012024_AR/B6J_DensityTest_10012024_AR/241021/M06804/AxonTracking/000091/data.raw.h5'], 'recordings_dir': './data/temp_data/recordings', 'sortings_dir': './data/temp_data/sortings', 'waveforms_dir': './data/temp_data/waveforms', 'templates_dir': './data/temp_data/templates', 'recon_dir': './data/reconstructions', 'reconstructor_dir': './data/reconstructors', 'allowed_scan_types': ['AxonTracking'], 'stream_select': None, 'unit_select': None, 'unit_limit': None, 'save_reconstructor_object': False, 'debug_mode': True, 'load_existing_sortings': True, 'load_merged_templates': False, 'load_template_segments': True, 'load_waveforms': True, 'run_lean': True, 'verbose': True, 'n_jobs': 128, 'sorting_params': {'detect_threshold': 7, 'projection_threshold': [10, 4], 'preclust_threshold': 8, 'momentum': [20.0, 400.0], 'car': True, 'minFR': 0.01, 'minfr_goodchannels': 0.01, 'freq_min': 150, 'sigmaMask': 30, 'lam': 10.0, 'nPCs': 3, 'ntbuff': 64, 'nfilt_factor': 4, 'NT': None, 'AUCsplit': 0.9, 'wave_length': 61, 'keep_good_only': False, 'skip_kilosort_preprocessing': False, 'scaleproc': None, 'save_rez_to_mat': False, 'delete_tmp_files': ('matlab_files',), 'delete_recording_dat': False, 'n_jobs': 128, 'chunk_duration': '1s', 'progress_bar': True, 'mp_context': None, 'max_threads_per_process': 1, 'allowed_scan_types': ['AxonTracking'], 'stream_select': None, 'load_existing_sortings': True, 'sortings_dir': './data/temp_data/sortings', 'overwrite': False, 'verbose': True, 'do_correction': False, 'use_docker': True, 'use_gpu': True}, 'te_params': {'align_cutout': True, 'upsample': 2, 'rm_outliers': True, 'n_jobs': 128, 'n_neighbors': 10, 'peak_cutout': 2, 'overwrite_wf': False, 'overwrite_tmp': False, 'load_merged_templates': True, 'save_merged_templates': True, 'time_derivative': True}, 'qc_params': {'min_n_spikes': 500, 'exclude_mua': False}, 'av_params': {'upsample': 1, 'min_selected_points': 30, 'verbose': False, 'detect_threshold': 0.02, 'detection_type': 'relative', 'kurt_threshold': 0.3, 'peak_std_threshold': 1.0, 'init_delay': 0.1, 'peak_std_distance': 30.0, 'remove_isolated': True, 'init_amp_peak_ratio': 0.2, 'max_distance_for_edge': 100.0, 'max_distance_to_init': 200.0, 'n_neighbors': 3, 'distance_exp': 2, 'edge_dist_amp_ratio': 0.3, 'min_path_length': 100.0, 'min_path_points': 5, 'neighbor_radius': 100.0, 'min_points_after_branching': 3, 'mad_threshold': 8.0, 'split_paths': True, 'max_peak_latency_for_splitting': 0.5, 'r2_threshold': 0.9, 'r2_threshold_for_outliers': 0.98, 'min_outlier_tracking_error': 50.0}, 'analysis_options': {'generate_animation': True, 'generate_summary': False}, 'reconstructor_save_options': {'recordings': True, 'multirecordings': True, 'sortings': True, 'waveforms': False, 'templates': True, 'reconstructions': False}, 'reconstructor_load_options': {'load_reconstructor': True, 'load_multirecs': True, 'load_sortings': True, 'load_wfs': False, 'load_templates': False, 'load_templates_bypass': False, 'restore_environment': False}, 'continuous_h5_file_info': None, 'sorting_lists_by_scan': None, 'waveforms': None, 'templates': None, 'reconstruction_results': None, 'requirements': None, 'git_version': None}
2024-11-14 18:00:24,906 - axon_reconstructor - DEBUG - load_recordings - Stream ID: well000, Recording: rec0000 loaded.
2024-11-14 18:00:24,948 - axon_reconstructor - DEBUG - load_recordings - Stream ID: well000, Recording: rec0001 loaded.
2024-11-14 18:00:24,990 - axon_reconstructor - DEBUG - load_recordings - Stream ID: well000, Recording: rec0002 loaded.
2024-11-14 18:00:25,031 - axon_reconstructor - DEBUG - load_recordings - Stream ID: well000, Recording: rec0003 loaded.
2024-11-14 18:00:25,072 - axon_reconstructor - DEBUG - load_recordings - Stream ID: well000, Recording: rec0004 loaded.
2024-11-14 18:00:25,114 - axon_reconstructor - DEBUG - load_recordings - Stream ID: well000, Recording: rec0005 loaded.
2024-11-14 18:00:25,157 - axon_reconstructor - DEBUG - load_recordings - Stream ID: well000, Recording: rec0006 loaded.
2024-11-14 18:00:25,198 - axon_reconstructor - DEBUG - load_recordings - Stream ID: well000, Recording: rec0007 loaded.
2024-11-14 18:00:25,240 - axon_reconstructor - DEBUG - load_recordings - Stream ID: well000, Recording: rec0008 loaded.
2024-11-14 18:00:25,285 - axon_reconstructor - DEBUG - load_recordings - Stream ID: well000, Recording: rec0009 loaded.
2024-11-14 18:00:25,326 - axon_reconstructor - DEBUG - load_recordings - Stream ID: well000, Recording: rec0010 loaded.
2024-11-14 18:00:25,367 - axon_reconstructor - DEBUG - load_recordings - Stream ID: well000, Recording: rec0011 loaded.
2024-11-14 18:00:25,415 - axon_reconstructor - DEBUG - load_recordings - Stream ID: well000, Recording: rec0012 loaded.
2024-11-14 18:00:25,462 - axon_reconstructor - DEBUG - load_recordings - Stream ID: well000, Recording: rec0013 loaded.
2024-11-14 18:00:25,507 - axon_reconstructor - DEBUG - load_recordings - Stream ID: well000, Recording: rec0014 loaded.
2024-11-14 18:00:25,551 - axon_reconstructor - DEBUG - load_recordings - Stream ID: well000, Recording: rec0015 loaded.
2024-11-14 18:00:25,594 - axon_reconstructor - DEBUG - load_recordings - Stream ID: well000, Recording: rec0016 loaded.
2024-11-14 18:00:25,640 - axon_reconstructor - DEBUG - load_recordings - Stream ID: well000, Recording: rec0017 loaded.
2024-11-14 18:00:25,684 - axon_reconstructor - DEBUG - load_recordings - Stream ID: well000, Recording: rec0018 loaded.
2024-11-14 18:00:25,720 - axon_reconstructor - DEBUG - load_recordings - Stream ID: well000, Recording: rec0019 loaded.
2024-11-14 18:00:25,756 - axon_reconstructor - DEBUG - load_recordings - Stream ID: well001, Recording: rec0000 loaded.
2024-11-14 18:00:25,791 - axon_reconstructor - DEBUG - load_recordings - Stream ID: well001, Recording: rec0001 loaded.
2024-11-14 18:00:25,824 - axon_reconstructor - DEBUG - load_recordings - Stream ID: well001, Recording: rec0002 loaded.
2024-11-14 18:00:25,860 - axon_reconstructor - DEBUG - load_recordings - Stream ID: well001, Recording: rec0003 loaded.
2024-11-14 18:00:25,894 - axon_reconstructor - DEBUG - load_recordings - Stream ID: well001, Recording: rec0004 loaded.
2024-11-14 18:00:25,929 - axon_reconstructor - DEBUG - load_recordings - Stream ID: well001, Recording: rec0005 loaded.
2024-11-14 18:00:25,964 - axon_reconstructor - DEBUG - load_recordings - Stream ID: well001, Recording: rec0006 loaded.
2024-11-14 18:00:25,999 - axon_reconstructor - DEBUG - load_recordings - Stream ID: well001, Recording: rec0007 loaded.
2024-11-14 18:00:26,033 - axon_reconstructor - DEBUG - load_recordings - Stream ID: well001, Recording: rec0008 loaded.
2024-11-14 18:00:26,068 - axon_reconstructor - DEBUG - load_recordings - Stream ID: well001, Recording: rec0009 loaded.
2024-11-14 18:00:26,103 - axon_reconstructor - DEBUG - load_recordings - Stream ID: well001, Recording: rec0010 loaded.
2024-11-14 18:00:26,138 - axon_reconstructor - DEBUG - load_recordings - Stream ID: well001, Recording: rec0011 loaded.
2024-11-14 18:00:26,173 - axon_reconstructor - DEBUG - load_recordings - Stream ID: well001, Recording: rec0012 loaded.
2024-11-14 18:00:26,208 - axon_reconstructor - DEBUG - load_recordings - Stream ID: well001, Recording: rec0013 loaded.
2024-11-14 18:00:26,243 - axon_reconstructor - DEBUG - load_recordings - Stream ID: well001, Recording: rec0014 loaded.
2024-11-14 18:00:26,278 - axon_reconstructor - DEBUG - load_recordings - Stream ID: well001, Recording: rec0015 loaded.
2024-11-14 18:00:26,312 - axon_reconstructor - DEBUG - load_recordings - Stream ID: well001, Recording: rec0016 loaded.
2024-11-14 18:00:26,347 - axon_reconstructor - DEBUG - load_recordings - Stream ID: well001, Recording: rec0017 loaded.
2024-11-14 18:00:26,382 - axon_reconstructor - DEBUG - load_recordings - Stream ID: well001, Recording: rec0018 loaded.
2024-11-14 18:00:26,413 - axon_reconstructor - DEBUG - load_recordings - Stream ID: well001, Recording: rec0019 loaded.
2024-11-14 18:00:26,447 - axon_reconstructor - DEBUG - load_recordings - Stream ID: well002, Recording: rec0000 loaded.
2024-11-14 18:00:26,482 - axon_reconstructor - DEBUG - load_recordings - Stream ID: well002, Recording: rec0001 loaded.
2024-11-14 18:00:26,517 - axon_reconstructor - DEBUG - load_recordings - Stream ID: well002, Recording: rec0002 loaded.
2024-11-14 18:00:26,552 - axon_reconstructor - DEBUG - load_recordings - Stream ID: well002, Recording: rec0003 loaded.
2024-11-14 18:00:26,586 - axon_reconstructor - DEBUG - load_recordings - Stream ID: well002, Recording: rec0004 loaded.
2024-11-14 18:00:26,621 - axon_reconstructor - DEBUG - load_recordings - Stream ID: well002, Recording: rec0005 loaded.
2024-11-14 18:00:26,656 - axon_reconstructor - DEBUG - load_recordings - Stream ID: well002, Recording: rec0006 loaded.
2024-11-14 18:00:26,691 - axon_reconstructor - DEBUG - load_recordings - Stream ID: well002, Recording: rec0007 loaded.
2024-11-14 18:00:26,726 - axon_reconstructor - DEBUG - load_recordings - Stream ID: well002, Recording: rec0008 loaded.
2024-11-14 18:00:26,760 - axon_reconstructor - DEBUG - load_recordings - Stream ID: well002, Recording: rec0009 loaded.
2024-11-14 18:00:26,795 - axon_reconstructor - DEBUG - load_recordings - Stream ID: well002, Recording: rec0010 loaded.
2024-11-14 18:00:26,830 - axon_reconstructor - DEBUG - load_recordings - Stream ID: well002, Recording: rec0011 loaded.
2024-11-14 18:00:26,865 - axon_reconstructor - DEBUG - load_recordings - Stream ID: well002, Recording: rec0012 loaded.
2024-11-14 18:00:26,901 - axon_reconstructor - DEBUG - load_recordings - Stream ID: well002, Recording: rec0013 loaded.
2024-11-14 18:00:26,936 - axon_reconstructor - DEBUG - load_recordings - Stream ID: well002, Recording: rec0014 loaded.
2024-11-14 18:00:26,971 - axon_reconstructor - DEBUG - load_recordings - Stream ID: well002, Recording: rec0015 loaded.
2024-11-14 18:00:27,006 - axon_reconstructor - DEBUG - load_recordings - Stream ID: well002, Recording: rec0016 loaded.
2024-11-14 18:00:27,041 - axon_reconstructor - DEBUG - load_recordings - Stream ID: well002, Recording: rec0017 loaded.
2024-11-14 18:00:27,076 - axon_reconstructor - DEBUG - load_recordings - Stream ID: well002, Recording: rec0018 loaded.
2024-11-14 18:00:27,108 - axon_reconstructor - DEBUG - load_recordings - Stream ID: well002, Recording: rec0019 loaded.
2024-11-14 18:00:27,140 - axon_reconstructor - DEBUG - load_recordings - Stream ID: well002, Recording: rec0020 loaded.
2024-11-14 18:00:27,175 - axon_reconstructor - DEBUG - load_recordings - Stream ID: well003, Recording: rec0000 loaded.
2024-11-14 18:00:27,210 - axon_reconstructor - DEBUG - load_recordings - Stream ID: well003, Recording: rec0001 loaded.
2024-11-14 18:00:27,245 - axon_reconstructor - DEBUG - load_recordings - Stream ID: well003, Recording: rec0002 loaded.
2024-11-14 18:00:27,281 - axon_reconstructor - DEBUG - load_recordings - Stream ID: well003, Recording: rec0003 loaded.
2024-11-14 18:00:27,316 - axon_reconstructor - DEBUG - load_recordings - Stream ID: well003, Recording: rec0004 loaded.
2024-11-14 18:00:27,350 - axon_reconstructor - DEBUG - load_recordings - Stream ID: well003, Recording: rec0005 loaded.
2024-11-14 18:00:27,385 - axon_reconstructor - DEBUG - load_recordings - Stream ID: well003, Recording: rec0006 loaded.
2024-11-14 18:00:27,421 - axon_reconstructor - DEBUG - load_recordings - Stream ID: well003, Recording: rec0007 loaded.
2024-11-14 18:00:27,455 - axon_reconstructor - DEBUG - load_recordings - Stream ID: well003, Recording: rec0008 loaded.
2024-11-14 18:00:27,491 - axon_reconstructor - DEBUG - load_recordings - Stream ID: well003, Recording: rec0009 loaded.
2024-11-14 18:00:27,526 - axon_reconstructor - DEBUG - load_recordings - Stream ID: well003, Recording: rec0010 loaded.
2024-11-14 18:00:27,561 - axon_reconstructor - DEBUG - load_recordings - Stream ID: well003, Recording: rec0011 loaded.
2024-11-14 18:00:27,596 - axon_reconstructor - DEBUG - load_recordings - Stream ID: well003, Recording: rec0012 loaded.
2024-11-14 18:00:27,631 - axon_reconstructor - DEBUG - load_recordings - Stream ID: well003, Recording: rec0013 loaded.
2024-11-14 18:00:27,666 - axon_reconstructor - DEBUG - load_recordings - Stream ID: well003, Recording: rec0014 loaded.
2024-11-14 18:00:27,701 - axon_reconstructor - DEBUG - load_recordings - Stream ID: well003, Recording: rec0015 loaded.
2024-11-14 18:00:27,736 - axon_reconstructor - DEBUG - load_recordings - Stream ID: well003, Recording: rec0016 loaded.
2024-11-14 18:00:27,771 - axon_reconstructor - DEBUG - load_recordings - Stream ID: well003, Recording: rec0017 loaded.
2024-11-14 18:00:27,807 - axon_reconstructor - DEBUG - load_recordings - Stream ID: well003, Recording: rec0018 loaded.
2024-11-14 18:00:27,838 - axon_reconstructor - DEBUG - load_recordings - Stream ID: well003, Recording: rec0019 loaded.
2024-11-14 18:00:27,857 - axon_reconstructor - DEBUG - load_recordings - Stream ID: well003, Recording: rec0020 loaded.
2024-11-14 18:00:27,892 - axon_reconstructor - DEBUG - load_recordings - Stream ID: well004, Recording: rec0000 loaded.
2024-11-14 18:00:27,927 - axon_reconstructor - DEBUG - load_recordings - Stream ID: well004, Recording: rec0001 loaded.
2024-11-14 18:00:27,962 - axon_reconstructor - DEBUG - load_recordings - Stream ID: well004, Recording: rec0002 loaded.
2024-11-14 18:00:27,997 - axon_reconstructor - DEBUG - load_recordings - Stream ID: well004, Recording: rec0003 loaded.
2024-11-14 18:00:28,032 - axon_reconstructor - DEBUG - load_recordings - Stream ID: well004, Recording: rec0004 loaded.
2024-11-14 18:00:28,068 - axon_reconstructor - DEBUG - load_recordings - Stream ID: well004, Recording: rec0005 loaded.
2024-11-14 18:00:28,103 - axon_reconstructor - DEBUG - load_recordings - Stream ID: well004, Recording: rec0006 loaded.
2024-11-14 18:00:28,138 - axon_reconstructor - DEBUG - load_recordings - Stream ID: well004, Recording: rec0007 loaded.
2024-11-14 18:00:28,173 - axon_reconstructor - DEBUG - load_recordings - Stream ID: well004, Recording: rec0008 loaded.
2024-11-14 18:00:28,208 - axon_reconstructor - DEBUG - load_recordings - Stream ID: well004, Recording: rec0009 loaded.
2024-11-14 18:00:28,243 - axon_reconstructor - DEBUG - load_recordings - Stream ID: well004, Recording: rec0010 loaded.
2024-11-14 18:00:28,279 - axon_reconstructor - DEBUG - load_recordings - Stream ID: well004, Recording: rec0011 loaded.
2024-11-14 18:00:28,314 - axon_reconstructor - DEBUG - load_recordings - Stream ID: well004, Recording: rec0012 loaded.
2024-11-14 18:00:28,350 - axon_reconstructor - DEBUG - load_recordings - Stream ID: well004, Recording: rec0013 loaded.
2024-11-14 18:00:28,385 - axon_reconstructor - DEBUG - load_recordings - Stream ID: well004, Recording: rec0014 loaded.
2024-11-14 18:00:28,420 - axon_reconstructor - DEBUG - load_recordings - Stream ID: well004, Recording: rec0015 loaded.
2024-11-14 18:00:28,455 - axon_reconstructor - DEBUG - load_recordings - Stream ID: well004, Recording: rec0016 loaded.
2024-11-14 18:00:28,491 - axon_reconstructor - DEBUG - load_recordings - Stream ID: well004, Recording: rec0017 loaded.
2024-11-14 18:00:28,526 - axon_reconstructor - DEBUG - load_recordings - Stream ID: well004, Recording: rec0018 loaded.
2024-11-14 18:00:28,559 - axon_reconstructor - DEBUG - load_recordings - Stream ID: well004, Recording: rec0019 loaded.
2024-11-14 18:00:28,578 - axon_reconstructor - DEBUG - load_recordings - Stream ID: well004, Recording: rec0020 loaded.
2024-11-14 18:00:28,592 - axon_reconstructor - DEBUG - load_recordings - Stream ID: well004, Recording: rec0021 loaded.
2024-11-14 18:00:28,632 - axon_reconstructor - DEBUG - load_recordings - Stream ID: well005, Recording: rec0000 loaded.
2024-11-14 18:00:28,668 - axon_reconstructor - DEBUG - load_recordings - Stream ID: well005, Recording: rec0001 loaded.
2024-11-14 18:00:28,703 - axon_reconstructor - DEBUG - load_recordings - Stream ID: well005, Recording: rec0002 loaded.
2024-11-14 18:00:28,738 - axon_reconstructor - DEBUG - load_recordings - Stream ID: well005, Recording: rec0003 loaded.
2024-11-14 18:00:28,773 - axon_reconstructor - DEBUG - load_recordings - Stream ID: well005, Recording: rec0004 loaded.
2024-11-14 18:00:28,809 - axon_reconstructor - DEBUG - load_recordings - Stream ID: well005, Recording: rec0005 loaded.
2024-11-14 18:00:28,845 - axon_reconstructor - DEBUG - load_recordings - Stream ID: well005, Recording: rec0006 loaded.
2024-11-14 18:00:28,880 - axon_reconstructor - DEBUG - load_recordings - Stream ID: well005, Recording: rec0007 loaded.
2024-11-14 18:00:28,916 - axon_reconstructor - DEBUG - load_recordings - Stream ID: well005, Recording: rec0008 loaded.
2024-11-14 18:00:28,951 - axon_reconstructor - DEBUG - load_recordings - Stream ID: well005, Recording: rec0009 loaded.
2024-11-14 18:00:28,987 - axon_reconstructor - DEBUG - load_recordings - Stream ID: well005, Recording: rec0010 loaded.
2024-11-14 18:00:29,022 - axon_reconstructor - DEBUG - load_recordings - Stream ID: well005, Recording: rec0011 loaded.
2024-11-14 18:00:29,057 - axon_reconstructor - DEBUG - load_recordings - Stream ID: well005, Recording: rec0012 loaded.
2024-11-14 18:00:29,092 - axon_reconstructor - DEBUG - load_recordings - Stream ID: well005, Recording: rec0013 loaded.
2024-11-14 18:00:29,128 - axon_reconstructor - DEBUG - load_recordings - Stream ID: well005, Recording: rec0014 loaded.
2024-11-14 18:00:29,164 - axon_reconstructor - DEBUG - load_recordings - Stream ID: well005, Recording: rec0015 loaded.
2024-11-14 18:00:29,199 - axon_reconstructor - DEBUG - load_recordings - Stream ID: well005, Recording: rec0016 loaded.
2024-11-14 18:00:29,234 - axon_reconstructor - DEBUG - load_recordings - Stream ID: well005, Recording: rec0017 loaded.
2024-11-14 18:00:29,270 - axon_reconstructor - DEBUG - load_recordings - Stream ID: well005, Recording: rec0018 loaded.
2024-11-14 18:00:29,301 - axon_reconstructor - DEBUG - load_recordings - Stream ID: well005, Recording: rec0019 loaded.
2024-11-14 18:04:04,762 - axon_reconstructor - DEBUG - setup_logger - This is a debug message
2024-11-14 18:04:04,762 - axon_reconstructor - ERROR - setup_logger - This is an error message
2024-11-14 18:04:04,762 - axon_reconstructor - CRITICAL - setup_logger - This is a critical message
2024-11-14 18:04:04,762 - axon_reconstructor - DEBUG - __init__ - AxonReconstructor initialized with parameters: {'project_name': None, 'log_file': 'axon_reconstruction.log', 'error_log_file': 'axon_reconstruction_error.log', 'logger_level': 'DEBUG', 'logger': <Logger axon_reconstructor (DEBUG)>, 'h5_parent_dirs': ['/pscratch/sd/a/adammwea/RBS_synology_rsync/B6J_DensityTest_10012024_AR/B6J_DensityTest_10012024_AR/B6J_DensityTest_10012024_AR/241021/M06804/AxonTracking/000091/data.raw.h5'], 'recordings_dir': './data/temp_data/recordings', 'sortings_dir': './data/temp_data/sortings', 'waveforms_dir': './data/temp_data/waveforms', 'templates_dir': './data/temp_data/templates', 'recon_dir': './data/reconstructions', 'reconstructor_dir': './data/reconstructors', 'allowed_scan_types': ['AxonTracking'], 'stream_select': None, 'unit_select': None, 'unit_limit': None, 'save_reconstructor_object': False, 'debug_mode': True, 'load_existing_sortings': True, 'load_merged_templates': False, 'load_template_segments': True, 'load_waveforms': True, 'run_lean': True, 'verbose': True, 'n_jobs': 128, 'sorting_params': {'detect_threshold': 7, 'projection_threshold': [10, 4], 'preclust_threshold': 8, 'momentum': [20.0, 400.0], 'car': True, 'minFR': 0.01, 'minfr_goodchannels': 0.01, 'freq_min': 150, 'sigmaMask': 30, 'lam': 10.0, 'nPCs': 3, 'ntbuff': 64, 'nfilt_factor': 4, 'NT': None, 'AUCsplit': 0.9, 'wave_length': 61, 'keep_good_only': False, 'skip_kilosort_preprocessing': False, 'scaleproc': None, 'save_rez_to_mat': False, 'delete_tmp_files': ('matlab_files',), 'delete_recording_dat': False, 'n_jobs': 128, 'chunk_duration': '1s', 'progress_bar': True, 'mp_context': None, 'max_threads_per_process': 1, 'allowed_scan_types': ['AxonTracking'], 'stream_select': None, 'load_existing_sortings': True, 'sortings_dir': './data/temp_data/sortings', 'overwrite': False, 'verbose': True, 'do_correction': False, 'use_docker': True, 'use_gpu': True}, 'te_params': {'align_cutout': True, 'upsample': 2, 'rm_outliers': True, 'n_jobs': 128, 'n_neighbors': 10, 'peak_cutout': 2, 'overwrite_wf': False, 'overwrite_tmp': False, 'load_merged_templates': True, 'save_merged_templates': True, 'time_derivative': True}, 'qc_params': {'min_n_spikes': 500, 'exclude_mua': False}, 'av_params': {'upsample': 1, 'min_selected_points': 30, 'verbose': False, 'detect_threshold': 0.02, 'detection_type': 'relative', 'kurt_threshold': 0.3, 'peak_std_threshold': 1.0, 'init_delay': 0.1, 'peak_std_distance': 30.0, 'remove_isolated': True, 'init_amp_peak_ratio': 0.2, 'max_distance_for_edge': 100.0, 'max_distance_to_init': 200.0, 'n_neighbors': 3, 'distance_exp': 2, 'edge_dist_amp_ratio': 0.3, 'min_path_length': 100.0, 'min_path_points': 5, 'neighbor_radius': 100.0, 'min_points_after_branching': 3, 'mad_threshold': 8.0, 'split_paths': True, 'max_peak_latency_for_splitting': 0.5, 'r2_threshold': 0.9, 'r2_threshold_for_outliers': 0.98, 'min_outlier_tracking_error': 50.0}, 'analysis_options': {'generate_animation': True, 'generate_summary': False}, 'reconstructor_save_options': {'recordings': True, 'multirecordings': True, 'sortings': True, 'waveforms': False, 'templates': True, 'reconstructions': False}, 'reconstructor_load_options': {'load_reconstructor': True, 'load_multirecs': True, 'load_sortings': True, 'load_wfs': False, 'load_templates': False, 'load_templates_bypass': False, 'restore_environment': False}, 'continuous_h5_file_info': None, 'sorting_lists_by_scan': None, 'waveforms': None, 'templates': None, 'reconstruction_results': None, 'requirements': None, 'git_version': None}
2024-11-14 18:04:42,250 - axon_reconstructor - DEBUG - setup_logger - This is a debug message
2024-11-14 18:04:42,250 - axon_reconstructor - ERROR - setup_logger - This is an error message
2024-11-14 18:04:42,250 - axon_reconstructor - CRITICAL - setup_logger - This is a critical message
2024-11-14 18:04:42,250 - axon_reconstructor - DEBUG - __init__ - AxonReconstructor initialized with parameters: {'project_name': None, 'log_file': 'axon_reconstruction.log', 'error_log_file': 'axon_reconstruction_error.log', 'logger_level': 'DEBUG', 'logger': <Logger axon_reconstructor (DEBUG)>, 'h5_parent_dirs': ['/pscratch/sd/a/adammwea/RBS_synology_rsync/B6J_DensityTest_10012024_AR/B6J_DensityTest_10012024_AR/B6J_DensityTest_10012024_AR/241021/M06804/AxonTracking/000091/data.raw.h5'], 'recordings_dir': './data/temp_data/recordings', 'sortings_dir': './data/temp_data/sortings', 'waveforms_dir': './data/temp_data/waveforms', 'templates_dir': './data/temp_data/templates', 'recon_dir': './data/reconstructions', 'reconstructor_dir': './data/reconstructors', 'allowed_scan_types': ['AxonTracking'], 'stream_select': None, 'unit_select': None, 'unit_limit': None, 'save_reconstructor_object': False, 'debug_mode': True, 'load_existing_sortings': True, 'load_merged_templates': False, 'load_template_segments': True, 'load_waveforms': True, 'run_lean': True, 'verbose': True, 'n_jobs': 128, 'sorting_params': {'detect_threshold': 7, 'projection_threshold': [10, 4], 'preclust_threshold': 8, 'momentum': [20.0, 400.0], 'car': True, 'minFR': 0.01, 'minfr_goodchannels': 0.01, 'freq_min': 150, 'sigmaMask': 30, 'lam': 10.0, 'nPCs': 3, 'ntbuff': 64, 'nfilt_factor': 4, 'NT': None, 'AUCsplit': 0.9, 'wave_length': 61, 'keep_good_only': False, 'skip_kilosort_preprocessing': False, 'scaleproc': None, 'save_rez_to_mat': False, 'delete_tmp_files': ('matlab_files',), 'delete_recording_dat': False, 'n_jobs': 128, 'chunk_duration': '1s', 'progress_bar': True, 'mp_context': None, 'max_threads_per_process': 1, 'allowed_scan_types': ['AxonTracking'], 'stream_select': None, 'load_existing_sortings': True, 'sortings_dir': './data/temp_data/sortings', 'overwrite': False, 'verbose': True, 'do_correction': False, 'use_docker': True, 'use_gpu': True}, 'te_params': {'align_cutout': True, 'upsample': 2, 'rm_outliers': True, 'n_jobs': 128, 'n_neighbors': 10, 'peak_cutout': 2, 'overwrite_wf': False, 'overwrite_tmp': False, 'load_merged_templates': True, 'save_merged_templates': True, 'time_derivative': True}, 'qc_params': {'min_n_spikes': 500, 'exclude_mua': False}, 'av_params': {'upsample': 1, 'min_selected_points': 30, 'verbose': False, 'detect_threshold': 0.02, 'detection_type': 'relative', 'kurt_threshold': 0.3, 'peak_std_threshold': 1.0, 'init_delay': 0.1, 'peak_std_distance': 30.0, 'remove_isolated': True, 'init_amp_peak_ratio': 0.2, 'max_distance_for_edge': 100.0, 'max_distance_to_init': 200.0, 'n_neighbors': 3, 'distance_exp': 2, 'edge_dist_amp_ratio': 0.3, 'min_path_length': 100.0, 'min_path_points': 5, 'neighbor_radius': 100.0, 'min_points_after_branching': 3, 'mad_threshold': 8.0, 'split_paths': True, 'max_peak_latency_for_splitting': 0.5, 'r2_threshold': 0.9, 'r2_threshold_for_outliers': 0.98, 'min_outlier_tracking_error': 50.0}, 'analysis_options': {'generate_animation': True, 'generate_summary': False}, 'reconstructor_save_options': {'recordings': True, 'multirecordings': True, 'sortings': True, 'waveforms': False, 'templates': True, 'reconstructions': False}, 'reconstructor_load_options': {'load_reconstructor': True, 'load_multirecs': True, 'load_sortings': True, 'load_wfs': False, 'load_templates': False, 'load_templates_bypass': False, 'restore_environment': False}, 'continuous_h5_file_info': None, 'sorting_lists_by_scan': None, 'waveforms': None, 'templates': None, 'reconstruction_results': None, 'requirements': None, 'git_version': None}
2024-11-14 18:25:07,613 - axon_reconstructor - DEBUG - setup_logger - This is a debug message
2024-11-14 18:25:07,614 - axon_reconstructor - ERROR - setup_logger - This is an error message
2024-11-14 18:25:07,614 - axon_reconstructor - CRITICAL - setup_logger - This is a critical message
2024-11-14 18:25:07,615 - axon_reconstructor - DEBUG - __init__ - AxonReconstructor initialized with parameters: {'project_name': None, 'log_file': 'axon_reconstruction.log', 'error_log_file': 'axon_reconstruction_error.log', 'logger_level': 'DEBUG', 'logger': <Logger axon_reconstructor (DEBUG)>, 'h5_parent_dirs': ['/pscratch/sd/a/adammwea/RBS_synology_rsync/B6J_DensityTest_10012024_AR/B6J_DensityTest_10012024_AR/B6J_DensityTest_10012024_AR/241021/M06804/AxonTracking/000091/data.raw.h5'], 'recordings_dir': './data/temp_data/recordings', 'sortings_dir': './data/temp_data/sortings', 'waveforms_dir': './data/temp_data/waveforms', 'templates_dir': './data/temp_data/templates', 'recon_dir': './data/reconstructions', 'allowed_scan_types': ['AxonTracking'], 'stream_select': 0, 'unit_select': None, 'unit_limit': None, 'save_reconstructor_object': True, 'debug_mode': True, 'load_existing_sortings': True, 'load_merged_templates': False, 'load_template_segments': True, 'load_waveforms': True, 'run_lean': True, 'verbose': True, 'n_jobs': 128, 'sorting_params': {'detect_threshold': 7, 'projection_threshold': [10, 4], 'preclust_threshold': 8, 'momentum': [20.0, 400.0], 'car': True, 'minFR': 0.01, 'minfr_goodchannels': 0.01, 'freq_min': 150, 'sigmaMask': 30, 'lam': 10.0, 'nPCs': 3, 'ntbuff': 64, 'nfilt_factor': 4, 'NT': None, 'AUCsplit': 0.9, 'wave_length': 61, 'keep_good_only': False, 'skip_kilosort_preprocessing': False, 'scaleproc': None, 'save_rez_to_mat': False, 'delete_tmp_files': ('matlab_files',), 'delete_recording_dat': False, 'n_jobs': 128, 'chunk_duration': '1s', 'progress_bar': True, 'mp_context': None, 'max_threads_per_process': 1, 'allowed_scan_types': ['AxonTracking'], 'stream_select': 0, 'load_existing_sortings': True, 'sortings_dir': './data/temp_data/sortings', 'overwrite': False, 'verbose': True, 'do_correction': False, 'use_docker': True, 'use_gpu': True}, 'te_params': {'align_cutout': True, 'upsample': 2, 'rm_outliers': True, 'n_jobs': 128, 'n_neighbors': 10, 'peak_cutout': 2, 'overwrite_wf': False, 'overwrite_tmp': False, 'load_merged_templates': True, 'save_merged_templates': True, 'time_derivative': True}, 'qc_params': {'min_n_spikes': 500, 'exclude_mua': False}, 'av_params': {'upsample': 1, 'min_selected_points': 30, 'verbose': False, 'detect_threshold': 0.02, 'detection_type': 'relative', 'kurt_threshold': 0.3, 'peak_std_threshold': 1.0, 'init_delay': 0.1, 'peak_std_distance': 30.0, 'remove_isolated': True, 'init_amp_peak_ratio': 0.2, 'max_distance_for_edge': 100.0, 'max_distance_to_init': 200.0, 'n_neighbors': 3, 'distance_exp': 2, 'edge_dist_amp_ratio': 0.3, 'min_path_length': 100.0, 'min_path_points': 5, 'neighbor_radius': 100.0, 'min_points_after_branching': 3, 'mad_threshold': 8.0, 'split_paths': True, 'max_peak_latency_for_splitting': 0.5, 'r2_threshold': 0.9, 'r2_threshold_for_outliers': 0.98, 'min_outlier_tracking_error': 50.0}, 'analysis_options': {'generate_animation': True, 'generate_summary': False}, 'reconstructor_save_options': {'recordings': True, 'multirecordings': True, 'sortings': True, 'waveforms': False, 'templates': True, 'reconstructions': False}, 'reconstructor_load_options': {'load_reconstructor': True, 'load_multirecs': True, 'load_sortings': True, 'load_wfs': False, 'load_templates': False, 'load_templates_bypass': False, 'restore_environment': False}, 'continuous_h5_file_info': None, 'sorting_lists_by_scan': None, 'waveforms': None, 'templates': None, 'reconstruction_results': None, 'requirements': None, 'git_version': None}
2024-11-14 18:28:27,543 - axon_reconstructor - DEBUG - setup_logger - This is a debug message
2024-11-14 18:28:27,544 - axon_reconstructor - ERROR - setup_logger - This is an error message
2024-11-14 18:28:27,544 - axon_reconstructor - CRITICAL - setup_logger - This is a critical message
2024-11-14 18:28:27,544 - axon_reconstructor - DEBUG - __init__ - AxonReconstructor initialized with parameters: {'project_name': None, 'log_file': 'axon_reconstruction.log', 'error_log_file': 'axon_reconstruction_error.log', 'logger_level': 'DEBUG', 'logger': <Logger axon_reconstructor (DEBUG)>, 'h5_parent_dirs': ['/pscratch/sd/a/adammwea/RBS_synology_rsync/B6J_DensityTest_10012024_AR/B6J_DensityTest_10012024_AR/B6J_DensityTest_10012024_AR/241021/M06804/AxonTracking/000091/data.raw.h5'], 'recordings_dir': './data/temp_data/recordings', 'sortings_dir': './data/temp_data/sortings', 'waveforms_dir': './data/temp_data/waveforms', 'templates_dir': './data/temp_data/templates', 'recon_dir': './data/reconstructions', 'reconstructor_dir': './data/reconstructors', 'allowed_scan_types': ['AxonTracking'], 'stream_select': 0, 'unit_select': None, 'unit_limit': None, 'save_reconstructor_object': True, 'debug_mode': True, 'load_existing_sortings': True, 'load_merged_templates': False, 'load_template_segments': True, 'load_waveforms': True, 'run_lean': True, 'verbose': True, 'n_jobs': 128, 'sorting_params': {'detect_threshold': 7, 'projection_threshold': [10, 4], 'preclust_threshold': 8, 'momentum': [20.0, 400.0], 'car': True, 'minFR': 0.01, 'minfr_goodchannels': 0.01, 'freq_min': 150, 'sigmaMask': 30, 'lam': 10.0, 'nPCs': 3, 'ntbuff': 64, 'nfilt_factor': 4, 'NT': None, 'AUCsplit': 0.9, 'wave_length': 61, 'keep_good_only': False, 'skip_kilosort_preprocessing': False, 'scaleproc': None, 'save_rez_to_mat': False, 'delete_tmp_files': ('matlab_files',), 'delete_recording_dat': False, 'n_jobs': 128, 'chunk_duration': '1s', 'progress_bar': True, 'mp_context': None, 'max_threads_per_process': 1, 'allowed_scan_types': ['AxonTracking'], 'stream_select': 0, 'load_existing_sortings': True, 'sortings_dir': './data/temp_data/sortings', 'overwrite': False, 'verbose': True, 'do_correction': False, 'use_docker': True, 'use_gpu': True}, 'te_params': {'align_cutout': True, 'upsample': 2, 'rm_outliers': True, 'n_jobs': 128, 'n_neighbors': 10, 'peak_cutout': 2, 'overwrite_wf': False, 'overwrite_tmp': False, 'load_merged_templates': True, 'save_merged_templates': True, 'time_derivative': True}, 'qc_params': {'min_n_spikes': 500, 'exclude_mua': False}, 'av_params': {'upsample': 1, 'min_selected_points': 30, 'verbose': False, 'detect_threshold': 0.02, 'detection_type': 'relative', 'kurt_threshold': 0.3, 'peak_std_threshold': 1.0, 'init_delay': 0.1, 'peak_std_distance': 30.0, 'remove_isolated': True, 'init_amp_peak_ratio': 0.2, 'max_distance_for_edge': 100.0, 'max_distance_to_init': 200.0, 'n_neighbors': 3, 'distance_exp': 2, 'edge_dist_amp_ratio': 0.3, 'min_path_length': 100.0, 'min_path_points': 5, 'neighbor_radius': 100.0, 'min_points_after_branching': 3, 'mad_threshold': 8.0, 'split_paths': True, 'max_peak_latency_for_splitting': 0.5, 'r2_threshold': 0.9, 'r2_threshold_for_outliers': 0.98, 'min_outlier_tracking_error': 50.0}, 'analysis_options': {'generate_animation': True, 'generate_summary': False}, 'reconstructor_save_options': {'recordings': True, 'multirecordings': True, 'sortings': True, 'waveforms': False, 'templates': True, 'reconstructions': False}, 'reconstructor_load_options': {'load_reconstructor': True, 'load_multirecs': True, 'load_sortings': True, 'load_wfs': False, 'load_templates': False, 'load_templates_bypass': False, 'restore_environment': False}, 'continuous_h5_file_info': None, 'sorting_lists_by_scan': None, 'waveforms': None, 'templates': None, 'reconstruction_results': None, 'requirements': None, 'git_version': None}
